================================================================================
HPLinpack 2.2  --  High-Performance Linpack benchmark  --   February 24, 2016
Written by A. Petitet and R. Clint Whaley,  Innovative Computing Laboratory, UTK
Modified by Piotr Luszczek, Innovative Computing Laboratory, UTK
Modified by Julien Langou, University of Colorado Denver
================================================================================

An explanation of the input/output parameters follows:
T/V    : Wall time / encoded variant.
N      : The order of the coefficient matrix A.
NB     : The partitioning blocking factor.
P      : The number of process rows.
Q      : The number of process columns.
Time   : Time in seconds to solve the linear system.
Gflops : Rate of execution for solving the linear system.

The following parameter values will be used:

N      :  118848 
NB     :     192 
PMAP   : Row-major process mapping
P      :       4 
Q      :       4 
PFACT  :   Right 
NBMIN  :       4 
NDIV   :       2 
RFACT  :   Crout 
BCAST  :   1ring 
DEPTH  :       0 
SWAP   : Mix (threshold = 64)
L1     : transposed form
U      : transposed form
EQUIL  : yes
ALIGN  : 8 double precision words

--------------------------------------------------------------------------------

- The matrix A is randomly generated for each test.
- The following scaled residual check will be computed:
      ||Ax-b||_oo / ( eps * ( || x ||_oo * || A ||_oo + || b ||_oo ) * N )
- The relative machine precision (eps) is taken to be               2.220446e-16
- Computational tests pass if scaled residuals are less than                16.0

Column=000000192 Fraction= 0.2% Gflops=5.020e+02
Column=000000384 Fraction= 0.3% Gflops=5.996e+02
Column=000000576 Fraction= 0.5% Gflops=6.412e+02
Column=000000768 Fraction= 0.6% Gflops=6.653e+02
Column=000000960 Fraction= 0.8% Gflops=6.816e+02
Column=000001152 Fraction= 1.0% Gflops=6.913e+02
Column=000001344 Fraction= 1.1% Gflops=6.988e+02
Column=000001536 Fraction= 1.3% Gflops=7.050e+02
Column=000001728 Fraction= 1.5% Gflops=7.099e+02
Column=000001920 Fraction= 1.6% Gflops=7.133e+02
Column=000002112 Fraction= 1.8% Gflops=7.158e+02
Column=000002304 Fraction= 1.9% Gflops=7.188e+02
Column=000002496 Fraction= 2.1% Gflops=7.214e+02
Column=000002688 Fraction= 2.3% Gflops=7.229e+02
Column=000002880 Fraction= 2.4% Gflops=7.240e+02
Column=000003072 Fraction= 2.6% Gflops=7.255e+02
Column=000003264 Fraction= 2.7% Gflops=7.271e+02
Column=000003456 Fraction= 2.9% Gflops=7.280e+02
Column=000003648 Fraction= 3.1% Gflops=7.286e+02
Column=000003840 Fraction= 3.2% Gflops=7.299e+02
Column=000004032 Fraction= 3.4% Gflops=7.311e+02
Column=000004224 Fraction= 3.6% Gflops=7.316e+02
Column=000004416 Fraction= 3.7% Gflops=7.321e+02
Column=000004608 Fraction= 3.9% Gflops=7.328e+02
Column=000004800 Fraction= 4.0% Gflops=7.336e+02
Column=000004992 Fraction= 4.2% Gflops=7.339e+02
Column=000005184 Fraction= 4.4% Gflops=7.341e+02
Column=000005376 Fraction= 4.5% Gflops=7.347e+02
Column=000005568 Fraction= 4.7% Gflops=7.354e+02
Column=000005760 Fraction= 4.8% Gflops=7.356e+02
Column=000005952 Fraction= 5.0% Gflops=7.357e+02
Column=000006144 Fraction= 5.2% Gflops=7.362e+02
Column=000006336 Fraction= 5.3% Gflops=7.367e+02
Column=000006528 Fraction= 5.5% Gflops=7.369e+02
Column=000006720 Fraction= 5.7% Gflops=7.370e+02
Column=000006912 Fraction= 5.8% Gflops=7.374e+02
Column=000007104 Fraction= 6.0% Gflops=7.379e+02
Column=000007296 Fraction= 6.1% Gflops=7.380e+02
Column=000007488 Fraction= 6.3% Gflops=7.381e+02
Column=000007680 Fraction= 6.5% Gflops=7.380e+02
Column=000007872 Fraction= 6.6% Gflops=7.384e+02
Column=000008064 Fraction= 6.8% Gflops=7.385e+02
Column=000008256 Fraction= 6.9% Gflops=7.386e+02
Column=000008448 Fraction= 7.1% Gflops=7.389e+02
Column=000008640 Fraction= 7.3% Gflops=7.392e+02
Column=000008832 Fraction= 7.4% Gflops=7.392e+02
Column=000009024 Fraction= 7.6% Gflops=7.392e+02
Column=000009216 Fraction= 7.8% Gflops=7.394e+02
Column=000009408 Fraction= 7.9% Gflops=7.397e+02
Column=000009600 Fraction= 8.1% Gflops=7.397e+02
Column=000009792 Fraction= 8.2% Gflops=7.397e+02
Column=000009984 Fraction= 8.4% Gflops=7.398e+02
Column=000010176 Fraction= 8.6% Gflops=7.401e+02
Column=000010368 Fraction= 8.7% Gflops=7.402e+02
Column=000010560 Fraction= 8.9% Gflops=7.401e+02
Column=000010752 Fraction= 9.0% Gflops=7.403e+02
Column=000010944 Fraction= 9.2% Gflops=7.405e+02
Column=000011136 Fraction= 9.4% Gflops=7.406e+02
Column=000011328 Fraction= 9.5% Gflops=7.405e+02
Column=000011520 Fraction= 9.7% Gflops=7.406e+02
Column=000011712 Fraction= 9.9% Gflops=7.406e+02
Column=000011904 Fraction=10.0% Gflops=7.405e+02
Column=000012096 Fraction=10.2% Gflops=7.404e+02
Column=000012288 Fraction=10.3% Gflops=7.406e+02
Column=000012480 Fraction=10.5% Gflops=7.407e+02
Column=000012672 Fraction=10.7% Gflops=7.407e+02
Column=000012864 Fraction=10.8% Gflops=7.407e+02
Column=000013056 Fraction=11.0% Gflops=7.408e+02
Column=000013248 Fraction=11.1% Gflops=7.410e+02
Column=000013440 Fraction=11.3% Gflops=7.409e+02
Column=000013632 Fraction=11.5% Gflops=7.408e+02
Column=000013824 Fraction=11.6% Gflops=7.410e+02
Column=000014016 Fraction=11.8% Gflops=7.411e+02
Column=000014208 Fraction=12.0% Gflops=7.410e+02
Column=000014400 Fraction=12.1% Gflops=7.410e+02
Column=000014592 Fraction=12.3% Gflops=7.410e+02
Column=000014784 Fraction=12.4% Gflops=7.412e+02
Column=000014976 Fraction=12.6% Gflops=7.411e+02
Column=000015168 Fraction=12.8% Gflops=7.411e+02
Column=000015360 Fraction=12.9% Gflops=7.411e+02
Column=000015552 Fraction=13.1% Gflops=7.412e+02
Column=000015744 Fraction=13.2% Gflops=7.412e+02
Column=000015936 Fraction=13.4% Gflops=7.412e+02
Column=000016128 Fraction=13.6% Gflops=7.413e+02
Column=000016320 Fraction=13.7% Gflops=7.414e+02
Column=000016512 Fraction=13.9% Gflops=7.413e+02
Column=000016704 Fraction=14.1% Gflops=7.413e+02
Column=000016896 Fraction=14.2% Gflops=7.414e+02
Column=000017088 Fraction=14.4% Gflops=7.414e+02
Column=000017280 Fraction=14.5% Gflops=7.414e+02
Column=000017472 Fraction=14.7% Gflops=7.414e+02
Column=000017664 Fraction=14.9% Gflops=7.413e+02
Column=000017856 Fraction=15.0% Gflops=7.414e+02
Column=000018048 Fraction=15.2% Gflops=7.414e+02
Column=000018240 Fraction=15.3% Gflops=7.413e+02
Column=000018432 Fraction=15.5% Gflops=7.413e+02
Column=000018624 Fraction=15.7% Gflops=7.414e+02
Column=000018816 Fraction=15.8% Gflops=7.414e+02
Column=000019008 Fraction=16.0% Gflops=7.413e+02
Column=000019200 Fraction=16.2% Gflops=7.414e+02
Column=000019392 Fraction=16.3% Gflops=7.415e+02
Column=000019584 Fraction=16.5% Gflops=7.414e+02
Column=000019776 Fraction=16.6% Gflops=7.414e+02
Column=000019968 Fraction=16.8% Gflops=7.414e+02
Column=000020160 Fraction=17.0% Gflops=7.415e+02
Column=000020352 Fraction=17.1% Gflops=7.414e+02
Column=000020544 Fraction=17.3% Gflops=7.413e+02
Column=000020736 Fraction=17.4% Gflops=7.414e+02
Column=000020928 Fraction=17.6% Gflops=7.415e+02
Column=000021120 Fraction=17.8% Gflops=7.413e+02
Column=000021312 Fraction=17.9% Gflops=7.412e+02
Column=000021504 Fraction=18.1% Gflops=7.413e+02
Column=000021696 Fraction=18.3% Gflops=7.413e+02
Column=000021888 Fraction=18.4% Gflops=7.413e+02
Column=000022080 Fraction=18.6% Gflops=7.413e+02
Column=000022272 Fraction=18.7% Gflops=7.413e+02
Column=000022464 Fraction=18.9% Gflops=7.413e+02
Column=000022656 Fraction=19.1% Gflops=7.413e+02
Column=000022848 Fraction=19.2% Gflops=7.413e+02
Column=000023040 Fraction=19.4% Gflops=7.413e+02
Column=000023232 Fraction=19.5% Gflops=7.413e+02
Column=000023424 Fraction=19.7% Gflops=7.413e+02
Column=000023616 Fraction=19.9% Gflops=7.413e+02
Column=000023808 Fraction=20.0% Gflops=7.413e+02
Column=000024000 Fraction=20.2% Gflops=7.414e+02
Column=000024192 Fraction=20.4% Gflops=7.413e+02
Column=000024384 Fraction=20.5% Gflops=7.412e+02
Column=000024576 Fraction=20.7% Gflops=7.412e+02
Column=000024768 Fraction=20.8% Gflops=7.413e+02
Column=000024960 Fraction=21.0% Gflops=7.413e+02
Column=000025152 Fraction=21.2% Gflops=7.412e+02
Column=000025344 Fraction=21.3% Gflops=7.412e+02
Column=000025536 Fraction=21.5% Gflops=7.411e+02
Column=000025728 Fraction=21.6% Gflops=7.411e+02
Column=000025920 Fraction=21.8% Gflops=7.411e+02
Column=000026112 Fraction=22.0% Gflops=7.411e+02
Column=000026304 Fraction=22.1% Gflops=7.411e+02
Column=000026496 Fraction=22.3% Gflops=7.411e+02
Column=000026688 Fraction=22.5% Gflops=7.410e+02
Column=000026880 Fraction=22.6% Gflops=7.410e+02
Column=000027072 Fraction=22.8% Gflops=7.411e+02
Column=000027264 Fraction=22.9% Gflops=7.410e+02
Column=000027456 Fraction=23.1% Gflops=7.410e+02
Column=000027648 Fraction=23.3% Gflops=7.410e+02
Column=000027840 Fraction=23.4% Gflops=7.410e+02
Column=000028032 Fraction=23.6% Gflops=7.410e+02
Column=000028224 Fraction=23.7% Gflops=7.409e+02
Column=000028416 Fraction=23.9% Gflops=7.409e+02
Column=000028608 Fraction=24.1% Gflops=7.409e+02
Column=000028800 Fraction=24.2% Gflops=7.409e+02
Column=000028992 Fraction=24.4% Gflops=7.408e+02
Column=000029184 Fraction=24.6% Gflops=7.409e+02
Column=000029376 Fraction=24.7% Gflops=7.409e+02
Column=000029568 Fraction=24.9% Gflops=7.408e+02
Column=000029760 Fraction=25.0% Gflops=7.407e+02
Column=000029952 Fraction=25.2% Gflops=7.408e+02
Column=000030144 Fraction=25.4% Gflops=7.408e+02
Column=000030336 Fraction=25.5% Gflops=7.407e+02
Column=000030528 Fraction=25.7% Gflops=7.407e+02
Column=000030720 Fraction=25.8% Gflops=7.407e+02
Column=000030912 Fraction=26.0% Gflops=7.407e+02
Column=000031104 Fraction=26.2% Gflops=7.407e+02
Column=000031296 Fraction=26.3% Gflops=7.406e+02
Column=000031488 Fraction=26.5% Gflops=7.406e+02
Column=000031680 Fraction=26.7% Gflops=7.407e+02
Column=000031872 Fraction=26.8% Gflops=7.406e+02
Column=000032064 Fraction=27.0% Gflops=7.406e+02
Column=000032256 Fraction=27.1% Gflops=7.406e+02
Column=000032448 Fraction=27.3% Gflops=7.406e+02
Column=000032640 Fraction=27.5% Gflops=7.406e+02
Column=000032832 Fraction=27.6% Gflops=7.405e+02
Column=000033024 Fraction=27.8% Gflops=7.405e+02
Column=000033216 Fraction=27.9% Gflops=7.405e+02
Column=000033408 Fraction=28.1% Gflops=7.404e+02
Column=000033600 Fraction=28.3% Gflops=7.403e+02
Column=000033792 Fraction=28.4% Gflops=7.403e+02
Column=000033984 Fraction=28.6% Gflops=7.403e+02
Column=000034176 Fraction=28.8% Gflops=7.403e+02
Column=000034368 Fraction=28.9% Gflops=7.402e+02
Column=000034560 Fraction=29.1% Gflops=7.402e+02
Column=000034752 Fraction=29.2% Gflops=7.403e+02
Column=000034944 Fraction=29.4% Gflops=7.402e+02
Column=000035136 Fraction=29.6% Gflops=7.402e+02
Column=000035328 Fraction=29.7% Gflops=7.402e+02
Column=000035520 Fraction=29.9% Gflops=7.402e+02
Column=000035712 Fraction=30.0% Gflops=7.401e+02
Column=000035904 Fraction=30.2% Gflops=7.401e+02
Column=000036096 Fraction=30.4% Gflops=7.401e+02
Column=000036288 Fraction=30.5% Gflops=7.401e+02
Column=000036480 Fraction=30.7% Gflops=7.400e+02
Column=000036672 Fraction=30.9% Gflops=7.400e+02
Column=000036864 Fraction=31.0% Gflops=7.400e+02
Column=000037056 Fraction=31.2% Gflops=7.400e+02
Column=000037248 Fraction=31.3% Gflops=7.399e+02
Column=000037440 Fraction=31.5% Gflops=7.399e+02
Column=000037632 Fraction=31.7% Gflops=7.398e+02
Column=000037824 Fraction=31.8% Gflops=7.399e+02
Column=000038016 Fraction=32.0% Gflops=7.398e+02
Column=000038208 Fraction=32.1% Gflops=7.398e+02
Column=000038400 Fraction=32.3% Gflops=7.398e+02
Column=000038592 Fraction=32.5% Gflops=7.398e+02
Column=000038784 Fraction=32.6% Gflops=7.397e+02
Column=000038976 Fraction=32.8% Gflops=7.397e+02
Column=000039168 Fraction=33.0% Gflops=7.397e+02
Column=000039360 Fraction=33.1% Gflops=7.397e+02
Column=000039552 Fraction=33.3% Gflops=7.396e+02
Column=000039744 Fraction=33.4% Gflops=7.396e+02
Column=000039936 Fraction=33.6% Gflops=7.396e+02
Column=000040128 Fraction=33.8% Gflops=7.396e+02
Column=000040320 Fraction=33.9% Gflops=7.395e+02
Column=000040512 Fraction=34.1% Gflops=7.395e+02
Column=000040704 Fraction=34.2% Gflops=7.394e+02
Column=000040896 Fraction=34.4% Gflops=7.395e+02
Column=000041088 Fraction=34.6% Gflops=7.394e+02
Column=000041280 Fraction=34.7% Gflops=7.394e+02
Column=000041472 Fraction=34.9% Gflops=7.393e+02
Column=000041664 Fraction=35.1% Gflops=7.393e+02
Column=000041856 Fraction=35.2% Gflops=7.393e+02
Column=000042048 Fraction=35.4% Gflops=7.393e+02
Column=000042240 Fraction=35.5% Gflops=7.392e+02
Column=000042432 Fraction=35.7% Gflops=7.393e+02
Column=000042624 Fraction=35.9% Gflops=7.392e+02
Column=000042816 Fraction=36.0% Gflops=7.392e+02
Column=000043008 Fraction=36.2% Gflops=7.391e+02
Column=000043200 Fraction=36.3% Gflops=7.392e+02
Column=000043392 Fraction=36.5% Gflops=7.391e+02
Column=000043584 Fraction=36.7% Gflops=7.390e+02
Column=000043776 Fraction=36.8% Gflops=7.390e+02
Column=000043968 Fraction=37.0% Gflops=7.390e+02
Column=000044160 Fraction=37.2% Gflops=7.390e+02
Column=000044352 Fraction=37.3% Gflops=7.389e+02
Column=000044544 Fraction=37.5% Gflops=7.389e+02
Column=000044736 Fraction=37.6% Gflops=7.389e+02
Column=000044928 Fraction=37.8% Gflops=7.389e+02
Column=000045120 Fraction=38.0% Gflops=7.388e+02
Column=000045312 Fraction=38.1% Gflops=7.388e+02
Column=000045504 Fraction=38.3% Gflops=7.388e+02
Column=000045696 Fraction=38.4% Gflops=7.387e+02
Column=000045888 Fraction=38.6% Gflops=7.387e+02
Column=000046080 Fraction=38.8% Gflops=7.387e+02
Column=000046272 Fraction=38.9% Gflops=7.387e+02
Column=000046464 Fraction=39.1% Gflops=7.385e+02
Column=000046656 Fraction=39.3% Gflops=7.385e+02
Column=000046848 Fraction=39.4% Gflops=7.385e+02
Column=000047040 Fraction=39.6% Gflops=7.385e+02
Column=000047232 Fraction=39.7% Gflops=7.384e+02
Column=000047424 Fraction=39.9% Gflops=7.384e+02
Column=000047616 Fraction=40.1% Gflops=7.384e+02
Column=000047808 Fraction=40.2% Gflops=7.384e+02
Column=000048000 Fraction=40.4% Gflops=7.383e+02
Column=000048192 Fraction=40.5% Gflops=7.382e+02
Column=000048384 Fraction=40.7% Gflops=7.382e+02
Column=000048576 Fraction=40.9% Gflops=7.382e+02
Column=000048768 Fraction=41.0% Gflops=7.382e+02
Column=000048960 Fraction=41.2% Gflops=7.381e+02
Column=000049152 Fraction=41.4% Gflops=7.381e+02
Column=000049344 Fraction=41.5% Gflops=7.381e+02
Column=000049536 Fraction=41.7% Gflops=7.381e+02
Column=000049728 Fraction=41.8% Gflops=7.380e+02
Column=000049920 Fraction=42.0% Gflops=7.380e+02
Column=000050112 Fraction=42.2% Gflops=7.380e+02
Column=000050304 Fraction=42.3% Gflops=7.379e+02
Column=000050496 Fraction=42.5% Gflops=7.379e+02
Column=000050688 Fraction=42.6% Gflops=7.379e+02
Column=000050880 Fraction=42.8% Gflops=7.379e+02
Column=000051072 Fraction=43.0% Gflops=7.378e+02
Column=000051264 Fraction=43.1% Gflops=7.378e+02
Column=000051456 Fraction=43.3% Gflops=7.377e+02
Column=000051648 Fraction=43.5% Gflops=7.377e+02
Column=000051840 Fraction=43.6% Gflops=7.377e+02
Column=000052032 Fraction=43.8% Gflops=7.376e+02
Column=000052224 Fraction=43.9% Gflops=7.376e+02
Column=000052416 Fraction=44.1% Gflops=7.376e+02
Column=000052608 Fraction=44.3% Gflops=7.376e+02
Column=000052800 Fraction=44.4% Gflops=7.375e+02
Column=000052992 Fraction=44.6% Gflops=7.375e+02
Column=000053184 Fraction=44.7% Gflops=7.375e+02
Column=000053376 Fraction=44.9% Gflops=7.374e+02
Column=000053568 Fraction=45.1% Gflops=7.374e+02
Column=000053760 Fraction=45.2% Gflops=7.373e+02
Column=000053952 Fraction=45.4% Gflops=7.373e+02
Column=000054144 Fraction=45.6% Gflops=7.373e+02
Column=000054336 Fraction=45.7% Gflops=7.372e+02
Column=000054528 Fraction=45.9% Gflops=7.372e+02
Column=000054720 Fraction=46.0% Gflops=7.372e+02
Column=000054912 Fraction=46.2% Gflops=7.372e+02
Column=000055104 Fraction=46.4% Gflops=7.371e+02
Column=000055296 Fraction=46.5% Gflops=7.371e+02
Column=000055488 Fraction=46.7% Gflops=7.371e+02
Column=000055680 Fraction=46.8% Gflops=7.370e+02
Column=000055872 Fraction=47.0% Gflops=7.370e+02
Column=000056064 Fraction=47.2% Gflops=7.370e+02
Column=000056256 Fraction=47.3% Gflops=7.369e+02
Column=000056448 Fraction=47.5% Gflops=7.369e+02
Column=000056640 Fraction=47.7% Gflops=7.368e+02
Column=000056832 Fraction=47.8% Gflops=7.368e+02
Column=000057024 Fraction=48.0% Gflops=7.368e+02
Column=000057216 Fraction=48.1% Gflops=7.367e+02
Column=000057408 Fraction=48.3% Gflops=7.367e+02
Column=000057600 Fraction=48.5% Gflops=7.367e+02
Column=000057792 Fraction=48.6% Gflops=7.367e+02
Column=000057984 Fraction=48.8% Gflops=7.366e+02
Column=000058176 Fraction=48.9% Gflops=7.365e+02
Column=000058368 Fraction=49.1% Gflops=7.365e+02
Column=000058560 Fraction=49.3% Gflops=7.365e+02
Column=000058752 Fraction=49.4% Gflops=7.365e+02
Column=000058944 Fraction=49.6% Gflops=7.364e+02
Column=000059136 Fraction=49.8% Gflops=7.364e+02
Column=000059328 Fraction=49.9% Gflops=7.364e+02
Column=000059520 Fraction=50.1% Gflops=7.364e+02
Column=000059712 Fraction=50.2% Gflops=7.363e+02
Column=000059904 Fraction=50.4% Gflops=7.363e+02
Column=000060096 Fraction=50.6% Gflops=7.363e+02
Column=000060288 Fraction=50.7% Gflops=7.362e+02
Column=000060480 Fraction=50.9% Gflops=7.362e+02
Column=000060672 Fraction=51.1% Gflops=7.362e+02
Column=000060864 Fraction=51.2% Gflops=7.362e+02
Column=000061056 Fraction=51.4% Gflops=7.361e+02
Column=000061248 Fraction=51.5% Gflops=7.361e+02
Column=000061440 Fraction=51.7% Gflops=7.360e+02
Column=000061632 Fraction=51.9% Gflops=7.360e+02
Column=000061824 Fraction=52.0% Gflops=7.360e+02
Column=000062016 Fraction=52.2% Gflops=7.359e+02
Column=000062208 Fraction=52.3% Gflops=7.359e+02
Column=000062400 Fraction=52.5% Gflops=7.359e+02
Column=000062592 Fraction=52.7% Gflops=7.359e+02
Column=000062784 Fraction=52.8% Gflops=7.358e+02
Column=000062976 Fraction=53.0% Gflops=7.358e+02
Column=000063168 Fraction=53.2% Gflops=7.358e+02
Column=000063360 Fraction=53.3% Gflops=7.357e+02
Column=000063552 Fraction=53.5% Gflops=7.357e+02
Column=000063744 Fraction=53.6% Gflops=7.357e+02
Column=000063936 Fraction=53.8% Gflops=7.357e+02
Column=000064128 Fraction=54.0% Gflops=7.356e+02
Column=000064320 Fraction=54.1% Gflops=7.356e+02
Column=000064512 Fraction=54.3% Gflops=7.356e+02
Column=000064704 Fraction=54.4% Gflops=7.355e+02
Column=000064896 Fraction=54.6% Gflops=7.355e+02
Column=000065088 Fraction=54.8% Gflops=7.355e+02
Column=000065280 Fraction=54.9% Gflops=7.354e+02
Column=000065472 Fraction=55.1% Gflops=7.354e+02
Column=000065664 Fraction=55.3% Gflops=7.354e+02
Column=000065856 Fraction=55.4% Gflops=7.353e+02
Column=000066048 Fraction=55.6% Gflops=7.353e+02
Column=000066240 Fraction=55.7% Gflops=7.353e+02
Column=000066432 Fraction=55.9% Gflops=7.352e+02
Column=000066624 Fraction=56.1% Gflops=7.352e+02
Column=000066816 Fraction=56.2% Gflops=7.352e+02
Column=000067008 Fraction=56.4% Gflops=7.352e+02
Column=000067200 Fraction=56.5% Gflops=7.351e+02
Column=000067392 Fraction=56.7% Gflops=7.350e+02
Column=000067584 Fraction=56.9% Gflops=7.350e+02
Column=000067776 Fraction=57.0% Gflops=7.350e+02
Column=000067968 Fraction=57.2% Gflops=7.350e+02
Column=000068160 Fraction=57.4% Gflops=7.349e+02
Column=000068352 Fraction=57.5% Gflops=7.349e+02
Column=000068544 Fraction=57.7% Gflops=7.349e+02
Column=000068736 Fraction=57.8% Gflops=7.348e+02
Column=000068928 Fraction=58.0% Gflops=7.348e+02
Column=000069120 Fraction=58.2% Gflops=7.348e+02
Column=000069312 Fraction=58.3% Gflops=7.347e+02
Column=000069504 Fraction=58.5% Gflops=7.347e+02
Column=000069696 Fraction=58.6% Gflops=7.347e+02
Column=000069888 Fraction=58.8% Gflops=7.346e+02
Column=000070080 Fraction=59.0% Gflops=7.346e+02
Column=000070272 Fraction=59.1% Gflops=7.346e+02
Column=000070464 Fraction=59.3% Gflops=7.345e+02
Column=000070656 Fraction=59.5% Gflops=7.345e+02
Column=000070848 Fraction=59.6% Gflops=7.345e+02
Column=000071040 Fraction=59.8% Gflops=7.344e+02
Column=000071232 Fraction=59.9% Gflops=7.344e+02
Column=000071424 Fraction=60.1% Gflops=7.344e+02
Column=000071616 Fraction=60.3% Gflops=7.343e+02
Column=000071808 Fraction=60.4% Gflops=7.343e+02
Column=000072000 Fraction=60.6% Gflops=7.342e+02
Column=000072192 Fraction=60.7% Gflops=7.342e+02
Column=000072384 Fraction=60.9% Gflops=7.342e+02
Column=000072576 Fraction=61.1% Gflops=7.342e+02
Column=000072768 Fraction=61.2% Gflops=7.341e+02
Column=000072960 Fraction=61.4% Gflops=7.341e+02
Column=000073152 Fraction=61.6% Gflops=7.341e+02
Column=000073344 Fraction=61.7% Gflops=7.340e+02
Column=000073536 Fraction=61.9% Gflops=7.340e+02
Column=000073728 Fraction=62.0% Gflops=7.340e+02
Column=000073920 Fraction=62.2% Gflops=7.339e+02
Column=000074112 Fraction=62.4% Gflops=7.339e+02
Column=000074304 Fraction=62.5% Gflops=7.338e+02
Column=000074496 Fraction=62.7% Gflops=7.338e+02
Column=000074688 Fraction=62.8% Gflops=7.338e+02
Column=000074880 Fraction=63.0% Gflops=7.338e+02
Column=000075072 Fraction=63.2% Gflops=7.337e+02
Column=000075264 Fraction=63.3% Gflops=7.337e+02
Column=000075456 Fraction=63.5% Gflops=7.337e+02
Column=000075648 Fraction=63.7% Gflops=7.336e+02
Column=000075840 Fraction=63.8% Gflops=7.336e+02
Column=000076032 Fraction=64.0% Gflops=7.336e+02
Column=000076224 Fraction=64.1% Gflops=7.336e+02
Column=000076416 Fraction=64.3% Gflops=7.335e+02
Column=000076608 Fraction=64.5% Gflops=7.335e+02
Column=000076800 Fraction=64.6% Gflops=7.335e+02
Column=000076992 Fraction=64.8% Gflops=7.335e+02
Column=000077184 Fraction=64.9% Gflops=7.334e+02
Column=000077376 Fraction=65.1% Gflops=7.334e+02
Column=000077568 Fraction=65.3% Gflops=7.334e+02
Column=000077760 Fraction=65.4% Gflops=7.334e+02
Column=000077952 Fraction=65.6% Gflops=7.333e+02
Column=000078144 Fraction=65.8% Gflops=7.333e+02
Column=000078336 Fraction=65.9% Gflops=7.333e+02
Column=000078528 Fraction=66.1% Gflops=7.332e+02
Column=000078720 Fraction=66.2% Gflops=7.332e+02
Column=000078912 Fraction=66.4% Gflops=7.332e+02
Column=000079104 Fraction=66.6% Gflops=7.331e+02
Column=000079296 Fraction=66.7% Gflops=7.331e+02
Column=000079488 Fraction=66.9% Gflops=7.331e+02
Column=000079680 Fraction=67.0% Gflops=7.330e+02
Column=000079872 Fraction=67.2% Gflops=7.330e+02
Column=000080064 Fraction=67.4% Gflops=7.330e+02
Column=000080256 Fraction=67.5% Gflops=7.330e+02
Column=000080448 Fraction=67.7% Gflops=7.329e+02
Column=000080640 Fraction=67.9% Gflops=7.329e+02
Column=000080832 Fraction=68.0% Gflops=7.329e+02
Column=000081024 Fraction=68.2% Gflops=7.329e+02
Column=000081216 Fraction=68.3% Gflops=7.329e+02
Column=000081408 Fraction=68.5% Gflops=7.328e+02
Column=000081600 Fraction=68.7% Gflops=7.328e+02
Column=000081792 Fraction=68.8% Gflops=7.328e+02
Column=000081984 Fraction=69.0% Gflops=7.328e+02
Column=000082176 Fraction=69.1% Gflops=7.327e+02
Column=000082368 Fraction=69.3% Gflops=7.327e+02
Column=000082560 Fraction=69.5% Gflops=7.327e+02
Column=000082752 Fraction=69.6% Gflops=7.327e+02
Column=000082944 Fraction=69.8% Gflops=7.326e+02
Column=000083136 Fraction=70.0% Gflops=7.326e+02
Column=000083328 Fraction=70.1% Gflops=7.326e+02
Column=000083520 Fraction=70.3% Gflops=7.325e+02
Column=000083712 Fraction=70.4% Gflops=7.325e+02
Column=000083904 Fraction=70.6% Gflops=7.325e+02
Column=000084096 Fraction=70.8% Gflops=7.325e+02
Column=000084288 Fraction=70.9% Gflops=7.324e+02
Column=000084480 Fraction=71.1% Gflops=7.324e+02
Column=000084672 Fraction=71.2% Gflops=7.324e+02
Column=000084864 Fraction=71.4% Gflops=7.324e+02
Column=000085056 Fraction=71.6% Gflops=7.324e+02
Column=000085248 Fraction=71.7% Gflops=7.323e+02
Column=000085440 Fraction=71.9% Gflops=7.323e+02
Column=000085632 Fraction=72.1% Gflops=7.323e+02
Column=000085824 Fraction=72.2% Gflops=7.322e+02
Column=000086016 Fraction=72.4% Gflops=7.322e+02
Column=000086208 Fraction=72.5% Gflops=7.322e+02
Column=000086400 Fraction=72.7% Gflops=7.322e+02
Column=000086592 Fraction=72.9% Gflops=7.322e+02
Column=000086784 Fraction=73.0% Gflops=7.321e+02
Column=000086976 Fraction=73.2% Gflops=7.321e+02
Column=000087168 Fraction=73.3% Gflops=7.321e+02
Column=000087360 Fraction=73.5% Gflops=7.321e+02
Column=000087552 Fraction=73.7% Gflops=7.320e+02
Column=000087744 Fraction=73.8% Gflops=7.320e+02
Column=000087936 Fraction=74.0% Gflops=7.320e+02
Column=000088128 Fraction=74.2% Gflops=7.320e+02
Column=000088320 Fraction=74.3% Gflops=7.319e+02
Column=000088512 Fraction=74.5% Gflops=7.319e+02
Column=000088704 Fraction=74.6% Gflops=7.319e+02
Column=000088896 Fraction=74.8% Gflops=7.319e+02
Column=000089088 Fraction=75.0% Gflops=7.318e+02
Column=000089280 Fraction=75.1% Gflops=7.318e+02
Column=000089472 Fraction=75.3% Gflops=7.318e+02
Column=000089664 Fraction=75.4% Gflops=7.318e+02
Column=000089856 Fraction=75.6% Gflops=7.317e+02
Column=000090048 Fraction=75.8% Gflops=7.317e+02
Column=000090240 Fraction=75.9% Gflops=7.317e+02
Column=000090432 Fraction=76.1% Gflops=7.317e+02
Column=000090624 Fraction=76.3% Gflops=7.317e+02
Column=000090816 Fraction=76.4% Gflops=7.316e+02
Column=000091008 Fraction=76.6% Gflops=7.316e+02
Column=000091200 Fraction=76.7% Gflops=7.316e+02
Column=000091392 Fraction=76.9% Gflops=7.316e+02
Column=000091584 Fraction=77.1% Gflops=7.315e+02
Column=000091776 Fraction=77.2% Gflops=7.315e+02
Column=000091968 Fraction=77.4% Gflops=7.315e+02
Column=000092160 Fraction=77.5% Gflops=7.315e+02
Column=000092352 Fraction=77.7% Gflops=7.315e+02
Column=000092544 Fraction=77.9% Gflops=7.314e+02
Column=000092736 Fraction=78.0% Gflops=7.314e+02
Column=000092928 Fraction=78.2% Gflops=7.314e+02
Column=000093120 Fraction=78.4% Gflops=7.314e+02
Column=000093312 Fraction=78.5% Gflops=7.313e+02
Column=000093504 Fraction=78.7% Gflops=7.313e+02
Column=000093696 Fraction=78.8% Gflops=7.313e+02
Column=000093888 Fraction=79.0% Gflops=7.313e+02
Column=000094080 Fraction=79.2% Gflops=7.312e+02
Column=000094272 Fraction=79.3% Gflops=7.312e+02
Column=000094464 Fraction=79.5% Gflops=7.312e+02
Column=000094656 Fraction=79.6% Gflops=7.312e+02
Column=000094848 Fraction=79.8% Gflops=7.312e+02
Column=000095040 Fraction=80.0% Gflops=7.311e+02
Column=000095232 Fraction=80.1% Gflops=7.311e+02
Column=000095424 Fraction=80.3% Gflops=7.311e+02
Column=000095616 Fraction=80.5% Gflops=7.311e+02
Column=000095808 Fraction=80.6% Gflops=7.310e+02
Column=000096000 Fraction=80.8% Gflops=7.310e+02
Column=000096192 Fraction=80.9% Gflops=7.310e+02
Column=000096384 Fraction=81.1% Gflops=7.310e+02
Column=000096576 Fraction=81.3% Gflops=7.310e+02
Column=000096768 Fraction=81.4% Gflops=7.309e+02
Column=000096960 Fraction=81.6% Gflops=7.309e+02
Column=000097152 Fraction=81.7% Gflops=7.309e+02
Column=000097344 Fraction=81.9% Gflops=7.309e+02
Column=000097536 Fraction=82.1% Gflops=7.309e+02
Column=000097728 Fraction=82.2% Gflops=7.308e+02
Column=000097920 Fraction=82.4% Gflops=7.308e+02
Column=000098112 Fraction=82.6% Gflops=7.308e+02
Column=000098304 Fraction=82.7% Gflops=7.308e+02
Column=000098496 Fraction=82.9% Gflops=7.308e+02
Column=000098688 Fraction=83.0% Gflops=7.307e+02
Column=000098880 Fraction=83.2% Gflops=7.307e+02
Column=000099072 Fraction=83.4% Gflops=7.307e+02
Column=000099264 Fraction=83.5% Gflops=7.307e+02
Column=000099456 Fraction=83.7% Gflops=7.307e+02
Column=000099648 Fraction=83.8% Gflops=7.306e+02
Column=000099840 Fraction=84.0% Gflops=7.306e+02
Column=000100032 Fraction=84.2% Gflops=7.306e+02
Column=000100224 Fraction=84.3% Gflops=7.306e+02
Column=000100416 Fraction=84.5% Gflops=7.306e+02
Column=000100608 Fraction=84.7% Gflops=7.306e+02
Column=000100800 Fraction=84.8% Gflops=7.305e+02
Column=000100992 Fraction=85.0% Gflops=7.305e+02
Column=000101184 Fraction=85.1% Gflops=7.305e+02
Column=000101376 Fraction=85.3% Gflops=7.305e+02
Column=000101568 Fraction=85.5% Gflops=7.305e+02
Column=000101760 Fraction=85.6% Gflops=7.305e+02
Column=000101952 Fraction=85.8% Gflops=7.304e+02
Column=000102144 Fraction=85.9% Gflops=7.304e+02
Column=000102336 Fraction=86.1% Gflops=7.304e+02
Column=000102528 Fraction=86.3% Gflops=7.304e+02
Column=000102720 Fraction=86.4% Gflops=7.304e+02
Column=000102912 Fraction=86.6% Gflops=7.304e+02
Column=000103104 Fraction=86.8% Gflops=7.303e+02
Column=000103296 Fraction=86.9% Gflops=7.303e+02
Column=000103488 Fraction=87.1% Gflops=7.303e+02
Column=000103680 Fraction=87.2% Gflops=7.303e+02
Column=000103872 Fraction=87.4% Gflops=7.303e+02
Column=000104064 Fraction=87.6% Gflops=7.303e+02
Column=000104256 Fraction=87.7% Gflops=7.302e+02
Column=000104448 Fraction=87.9% Gflops=7.302e+02
Column=000104640 Fraction=88.0% Gflops=7.302e+02
Column=000104832 Fraction=88.2% Gflops=7.302e+02
Column=000105024 Fraction=88.4% Gflops=7.302e+02
Column=000105216 Fraction=88.5% Gflops=7.302e+02
Column=000105408 Fraction=88.7% Gflops=7.302e+02
Column=000105600 Fraction=88.9% Gflops=7.301e+02
Column=000105792 Fraction=89.0% Gflops=7.301e+02
Column=000105984 Fraction=89.2% Gflops=7.301e+02
Column=000106176 Fraction=89.3% Gflops=7.301e+02
Column=000106368 Fraction=89.5% Gflops=7.301e+02
Column=000106560 Fraction=89.7% Gflops=7.301e+02
Column=000106752 Fraction=89.8% Gflops=7.301e+02
Column=000106944 Fraction=90.0% Gflops=7.301e+02
Column=000107136 Fraction=90.1% Gflops=7.300e+02
Column=000107328 Fraction=90.3% Gflops=7.300e+02
Column=000107520 Fraction=90.5% Gflops=7.300e+02
Column=000107712 Fraction=90.6% Gflops=7.300e+02
Column=000107904 Fraction=90.8% Gflops=7.300e+02
Column=000108096 Fraction=91.0% Gflops=7.300e+02
Column=000108288 Fraction=91.1% Gflops=7.300e+02
Column=000108480 Fraction=91.3% Gflops=7.300e+02
Column=000108672 Fraction=91.4% Gflops=7.299e+02
Column=000108864 Fraction=91.6% Gflops=7.299e+02
Column=000109056 Fraction=91.8% Gflops=7.299e+02
Column=000109248 Fraction=91.9% Gflops=7.299e+02
Column=000109440 Fraction=92.1% Gflops=7.299e+02
Column=000109632 Fraction=92.2% Gflops=7.299e+02
Column=000109824 Fraction=92.4% Gflops=7.299e+02
Column=000110016 Fraction=92.6% Gflops=7.299e+02
Column=000110208 Fraction=92.7% Gflops=7.299e+02
Column=000110400 Fraction=92.9% Gflops=7.298e+02
Column=000110592 Fraction=93.1% Gflops=7.298e+02
Column=000110784 Fraction=93.2% Gflops=7.298e+02
Column=000110976 Fraction=93.4% Gflops=7.298e+02
Column=000111168 Fraction=93.5% Gflops=7.298e+02
Column=000111360 Fraction=93.7% Gflops=7.298e+02
Column=000111552 Fraction=93.9% Gflops=7.298e+02
Column=000111744 Fraction=94.0% Gflops=7.298e+02
Column=000111936 Fraction=94.2% Gflops=7.298e+02
Column=000112128 Fraction=94.3% Gflops=7.298e+02
Column=000112320 Fraction=94.5% Gflops=7.298e+02
Column=000112512 Fraction=94.7% Gflops=7.297e+02
Column=000112704 Fraction=94.8% Gflops=7.297e+02
Column=000112896 Fraction=95.0% Gflops=7.297e+02
Column=000113088 Fraction=95.2% Gflops=7.297e+02
Column=000113280 Fraction=95.3% Gflops=7.297e+02
Column=000113472 Fraction=95.5% Gflops=7.297e+02
Column=000113664 Fraction=95.6% Gflops=7.297e+02
Column=000113856 Fraction=95.8% Gflops=7.297e+02
Column=000114048 Fraction=96.0% Gflops=7.297e+02
Column=000114240 Fraction=96.1% Gflops=7.297e+02
Column=000114432 Fraction=96.3% Gflops=7.297e+02
Column=000114624 Fraction=96.4% Gflops=7.297e+02
Column=000114816 Fraction=96.6% Gflops=7.297e+02
Column=000115008 Fraction=96.8% Gflops=7.297e+02
Column=000115200 Fraction=96.9% Gflops=7.297e+02
Column=000115392 Fraction=97.1% Gflops=7.297e+02
Column=000115584 Fraction=97.3% Gflops=7.296e+02
Column=000115776 Fraction=97.4% Gflops=7.296e+02
Column=000115968 Fraction=97.6% Gflops=7.296e+02
Column=000116160 Fraction=97.7% Gflops=7.296e+02
Column=000116352 Fraction=97.9% Gflops=7.296e+02
Column=000116544 Fraction=98.1% Gflops=7.296e+02
Column=000116736 Fraction=98.2% Gflops=7.296e+02
Column=000116928 Fraction=98.4% Gflops=7.296e+02
Column=000117120 Fraction=98.5% Gflops=7.296e+02
Column=000117312 Fraction=98.7% Gflops=7.296e+02
Column=000117504 Fraction=98.9% Gflops=7.296e+02
Column=000117696 Fraction=99.0% Gflops=7.296e+02
Column=000117888 Fraction=99.2% Gflops=7.296e+02
Column=000118080 Fraction=99.4% Gflops=7.296e+02
Column=000118272 Fraction=99.5% Gflops=7.296e+02
Column=000118464 Fraction=99.7% Gflops=7.296e+02
Column=000118656 Fraction=99.8% Gflops=7.296e+02
================================================================================
T/V                N    NB     P     Q               Time                 Gflops
--------------------------------------------------------------------------------
WR00C2R4      118848   192     4     4            3839.37              2.915e+02
HPL_pdgesv() start time Wed Jan 10 17:01:08 2018

HPL_pdgesv() end time   Wed Jan 10 17:26:42 2018

--VVV--VVV--VVV--VVV--VVV--VVV--VVV--VVV--VVV--VVV--VVV--VVV--VVV--VVV--VVV-
Max aggregated wall time rfact . . . :              20.21
+ Max aggregated wall time pfact . . :              11.47
+ Max aggregated wall time mxswp . . :               9.83
Max aggregated wall time update  . . :            3746.10
+ Max aggregated wall time laswp . . :             144.84
Max aggregated wall time up tr sv  . :               1.38
--------------------------------------------------------------------------------
||Ax-b||_oo/(eps*(||A||_oo*||x||_oo+||b||_oo)*N)=        0.0017150 ...... PASSED
================================================================================

Finished      1 tests with the following results:
              1 tests completed and passed residual checks,
              0 tests completed and failed residual checks,
              0 tests skipped because of illegal input values.
--------------------------------------------------------------------------------

End of Tests.
================================================================================
